<?xml version="1.0" encoding="UTF-8"?>
<coverage generated="1657220073466" clover="3.2.0">
  <project timestamp="1657220073466" name="All files">
    <metrics statements="26" coveredstatements="25" conditionals="2" coveredconditionals="2" methods="11" coveredmethods="10" elements="39" coveredelements="37" complexity="0" loc="26" ncloc="26" packages="1" files="5" classes="5"/>
    <file name="app.js" path="/Users/adsalihac/Desktop/RNProjects/todolistjest/src/app.js">
      <metrics statements="13" coveredstatements="13" conditionals="2" coveredconditionals="2" methods="5" coveredmethods="5"/>
      <line num="28" count="1" type="stmt"/>
      <line num="29" count="1" type="stmt"/>
      <line num="37" count="9" type="stmt"/>
      <line num="38" count="2" type="stmt"/>
      <line num="41" count="1" type="stmt"/>
      <line num="43" count="3" type="stmt"/>
      <line num="45" count="3" type="cond" truecount="2" falsecount="0"/>
      <line num="46" count="1" type="stmt"/>
      <line num="47" count="1" type="stmt"/>
      <line num="48" count="1" type="stmt"/>
      <line num="50" count="2" type="stmt"/>
      <line num="63" count="9" type="stmt"/>
      <line num="66" count="9" type="stmt"/>
    </file>
    <file name="button.js" path="/Users/adsalihac/Desktop/RNProjects/todolistjest/src/button.js">
      <metrics statements="3" coveredstatements="3" conditionals="0" coveredconditionals="0" methods="1" coveredmethods="1"/>
      <line num="21" count="4" type="stmt"/>
      <line num="22" count="6" type="stmt"/>
      <line num="34" count="4" type="stmt"/>
    </file>
    <file name="input.js" path="/Users/adsalihac/Desktop/RNProjects/todolistjest/src/input.js">
      <metrics statements="3" coveredstatements="3" conditionals="0" coveredconditionals="0" methods="1" coveredmethods="1"/>
      <line num="20" count="2" type="stmt"/>
      <line num="23" count="3" type="stmt"/>
      <line num="35" count="2" type="stmt"/>
    </file>
    <file name="todolist.js" path="/Users/adsalihac/Desktop/RNProjects/todolistjest/src/todolist.js">
      <metrics statements="4" coveredstatements="3" conditionals="0" coveredconditionals="0" methods="3" coveredmethods="2"/>
      <line num="19" count="2" type="stmt"/>
      <line num="23" count="7" type="stmt"/>
      <line num="31" count="0" type="stmt"/>
      <line num="33" count="1" type="stmt"/>
    </file>
    <file name="todolistcard.js" path="/Users/adsalihac/Desktop/RNProjects/todolistjest/src/todolistcard.js">
      <metrics statements="3" coveredstatements="3" conditionals="0" coveredconditionals="0" methods="1" coveredmethods="1"/>
      <line num="21" count="3" type="stmt"/>
      <line num="24" count="1" type="stmt"/>
      <line num="39" count="3" type="stmt"/>
    </file>
  </project>
</coverage>
