<?xml version="1.0" encoding="UTF-8"?>
<coverage generated="1657211627609" clover="3.2.0">
  <project timestamp="1657211627609" name="All files">
    <metrics statements="24" coveredstatements="23" conditionals="2" coveredconditionals="2" methods="10" coveredmethods="9" elements="36" coveredelements="34" complexity="0" loc="24" ncloc="24" packages="1" files="4" classes="4"/>
    <file name="app.js" path="/Users/adsalihac/Desktop/RNProjects/todolistjest/src/app.js">
      <metrics statements="13" coveredstatements="13" conditionals="2" coveredconditionals="2" methods="5" coveredmethods="5"/>
      <line num="28" count="1" type="stmt"/>
      <line num="29" count="1" type="stmt"/>
      <line num="37" count="9" type="stmt"/>
      <line num="38" count="2" type="stmt"/>
      <line num="41" count="1" type="stmt"/>
      <line num="43" count="3" type="stmt"/>
      <line num="45" count="3" type="cond" truecount="2" falsecount="0"/>
      <line num="46" count="1" type="stmt"/>
      <line num="47" count="1" type="stmt"/>
      <line num="48" count="1" type="stmt"/>
      <line num="50" count="2" type="stmt"/>
      <line num="60" count="9" type="stmt"/>
      <line num="63" count="9" type="stmt"/>
    </file>
    <file name="button.js" path="/Users/adsalihac/Desktop/RNProjects/todolistjest/src/button.js">
      <metrics statements="3" coveredstatements="3" conditionals="0" coveredconditionals="0" methods="1" coveredmethods="1"/>
      <line num="21" count="2" type="stmt"/>
      <line num="22" count="6" type="stmt"/>
      <line num="34" count="2" type="stmt"/>
    </file>
    <file name="input.js" path="/Users/adsalihac/Desktop/RNProjects/todolistjest/src/input.js">
      <metrics statements="3" coveredstatements="3" conditionals="0" coveredconditionals="0" methods="1" coveredmethods="1"/>
      <line num="20" count="2" type="stmt"/>
      <line num="23" count="3" type="stmt"/>
      <line num="35" count="2" type="stmt"/>
    </file>
    <file name="todolist.js" path="/Users/adsalihac/Desktop/RNProjects/todolistjest/src/todolist.js">
      <metrics statements="5" coveredstatements="4" conditionals="0" coveredconditionals="0" methods="3" coveredmethods="2"/>
      <line num="17" count="2" type="stmt"/>
      <line num="21" count="7" type="stmt"/>
      <line num="29" count="0" type="stmt"/>
      <line num="33" count="1" type="stmt"/>
      <line num="41" count="2" type="stmt"/>
    </file>
  </project>
</coverage>
