{"/Users/adsalihac/Desktop/RNProjects/todolistjest/src/app.js": {"path":"/Users/adsalihac/Desktop/RNProjects/todolistjest/src/app.js","statementMap":{"0":{"start":{"line":24,"column":4},"end":{"line":24,"column":17}},"1":{"start":{"line":25,"column":4},"end":{"line":32,"column":6}},"2":{"start":{"line":36,"column":4},"end":{"line":38,"column":5}},"3":{"start":{"line":36,"column":23},"end":{"line":38,"column":5}},"4":{"start":{"line":37,"column":6},"end":{"line":37,"column":38}},"5":{"start":{"line":40,"column":24},"end":{"line":52,"column":3}},"6":{"start":{"line":41,"column":25},"end":{"line":41,"column":35}},"7":{"start":{"line":43,"column":4},"end":{"line":51,"column":5}},"8":{"start":{"line":44,"column":22},"end":{"line":44,"column":55}},"9":{"start":{"line":45,"column":6},"end":{"line":45,"column":58}},"10":{"start":{"line":46,"column":6},"end":{"line":46,"column":62}},"11":{"start":{"line":48,"column":6},"end":{"line":50,"column":9}},"12":{"start":{"line":59,"column":8},"end":{"line":59,"column":12}},"13":{"start":{"line":61,"column":4},"end":{"line":87,"column":6}},"14":{"start":{"line":85,"column":52},"end":{"line":85,"column":79}}},"fnMap":{"0":{"name":"(anonymous_0)","decl":{"start":{"line":23,"column":2},"end":{"line":23,"column":3}},"loc":{"start":{"line":23,"column":32},"end":{"line":33,"column":3}},"line":23},"1":{"name":"(anonymous_1)","decl":{"start":{"line":36,"column":4},"end":{"line":36,"column":5}},"loc":{"start":{"line":36,"column":23},"end":{"line":38,"column":5}},"line":36},"2":{"name":"(anonymous_2)","decl":{"start":{"line":36,"column":23},"end":{"line":36,"column":24}},"loc":{"start":{"line":36,"column":42},"end":{"line":38,"column":5}},"line":36},"3":{"name":"(anonymous_3)","decl":{"start":{"line":40,"column":24},"end":{"line":40,"column":25}},"loc":{"start":{"line":40,"column":30},"end":{"line":52,"column":3}},"line":40},"4":{"name":"(anonymous_4)","decl":{"start":{"line":54,"column":2},"end":{"line":54,"column":3}},"loc":{"start":{"line":54,"column":17},"end":{"line":88,"column":3}},"line":54},"5":{"name":"(anonymous_5)","decl":{"start":{"line":85,"column":44},"end":{"line":85,"column":45}},"loc":{"start":{"line":85,"column":52},"end":{"line":85,"column":79}},"line":85}},"branchMap":{"0":{"loc":{"start":{"line":43,"column":4},"end":{"line":51,"column":5}},"type":"if","locations":[{"start":{"line":43,"column":4},"end":{"line":51,"column":5}},{"start":{"line":47,"column":11},"end":{"line":51,"column":5}}],"line":43}},"s":{"0":1,"1":1,"2":1,"3":11,"4":2,"5":1,"6":2,"7":2,"8":1,"9":1,"10":1,"11":1,"12":11,"13":11,"14":1},"f":{"0":1,"1":11,"2":2,"3":2,"4":11,"5":1},"b":{"0":[1,1]},"_coverageSchema":"1a1c01bbd47fc00a2c39e90264f33305004495a9","hash":"bbc5440b20a3bf5f50a05561d7a1da83ba0e9f90"}
,"/Users/adsalihac/Desktop/RNProjects/todolistjest/src/button.js": {"path":"/Users/adsalihac/Desktop/RNProjects/todolistjest/src/button.js","statementMap":{"0":{"start":{"line":21,"column":15},"end":{"line":30,"column":1}},"1":{"start":{"line":22,"column":4},"end":{"line":29,"column":5}},"2":{"start":{"line":34,"column":15},"end":{"line":41,"column":2}}},"fnMap":{"0":{"name":"(anonymous_0)","decl":{"start":{"line":21,"column":15},"end":{"line":21,"column":16}},"loc":{"start":{"line":21,"column":74},"end":{"line":30,"column":1}},"line":21}},"branchMap":{},"s":{"0":4,"1":6,"2":4},"f":{"0":6},"b":{},"_coverageSchema":"1a1c01bbd47fc00a2c39e90264f33305004495a9","hash":"2c81f32f7969ec356732c11f3a26397aab4729e7"}
,"/Users/adsalihac/Desktop/RNProjects/todolistjest/src/input.js": {"path":"/Users/adsalihac/Desktop/RNProjects/todolistjest/src/input.js","statementMap":{"0":{"start":{"line":17,"column":14},"end":{"line":26,"column":1}},"1":{"start":{"line":18,"column":2},"end":{"line":25,"column":4}},"2":{"start":{"line":30,"column":15},"end":{"line":41,"column":2}}},"fnMap":{"0":{"name":"(anonymous_0)","decl":{"start":{"line":17,"column":14},"end":{"line":17,"column":15}},"loc":{"start":{"line":17,"column":78},"end":{"line":26,"column":1}},"line":17}},"branchMap":{},"s":{"0":2,"1":3,"2":2},"f":{"0":3},"b":{},"_coverageSchema":"1a1c01bbd47fc00a2c39e90264f33305004495a9","hash":"f6cdcbad738f8ab071aceca389ef3e94c9529a16"}
,"/Users/adsalihac/Desktop/RNProjects/todolistjest/src/todolist.js": {"path":"/Users/adsalihac/Desktop/RNProjects/todolistjest/src/todolist.js","statementMap":{"0":{"start":{"line":27,"column":17},"end":{"line":47,"column":1}},"1":{"start":{"line":29,"column":23},"end":{"line":33,"column":3}},"2":{"start":{"line":30,"column":24},"end":{"line":30,"column":64}},"3":{"start":{"line":30,"column":44},"end":{"line":30,"column":63}},"4":{"start":{"line":31,"column":4},"end":{"line":31,"column":46}},"5":{"start":{"line":35,"column":2},"end":{"line":46,"column":4}},"6":{"start":{"line":41,"column":10},"end":{"line":41,"column":78}},"7":{"start":{"line":41,"column":56},"end":{"line":41,"column":74}},"8":{"start":{"line":43,"column":30},"end":{"line":43,"column":48}}},"fnMap":{"0":{"name":"(anonymous_0)","decl":{"start":{"line":27,"column":17},"end":{"line":27,"column":18}},"loc":{"start":{"line":27,"column":61},"end":{"line":47,"column":1}},"line":27},"1":{"name":"(anonymous_1)","decl":{"start":{"line":29,"column":23},"end":{"line":29,"column":24}},"loc":{"start":{"line":29,"column":41},"end":{"line":33,"column":3}},"line":29},"2":{"name":"(anonymous_2)","decl":{"start":{"line":30,"column":36},"end":{"line":30,"column":37}},"loc":{"start":{"line":30,"column":44},"end":{"line":30,"column":63}},"line":30},"3":{"name":"(anonymous_3)","decl":{"start":{"line":40,"column":20},"end":{"line":40,"column":21}},"loc":{"start":{"line":41,"column":10},"end":{"line":41,"column":78}},"line":41},"4":{"name":"(anonymous_4)","decl":{"start":{"line":41,"column":50},"end":{"line":41,"column":51}},"loc":{"start":{"line":41,"column":56},"end":{"line":41,"column":74}},"line":41},"5":{"name":"(anonymous_5)","decl":{"start":{"line":43,"column":22},"end":{"line":43,"column":23}},"loc":{"start":{"line":43,"column":30},"end":{"line":43,"column":48}},"line":43}},"branchMap":{"0":{"loc":{"start":{"line":31,"column":4},"end":{"line":31,"column":45}},"type":"binary-expr","locations":[{"start":{"line":31,"column":4},"end":{"line":31,"column":16}},{"start":{"line":31,"column":20},"end":{"line":31,"column":45}}],"line":31}},"s":{"0":2,"1":7,"2":0,"3":0,"4":0,"5":7,"6":0,"7":0,"8":1},"f":{"0":7,"1":0,"2":0,"3":0,"4":0,"5":1},"b":{"0":[0,0]},"_coverageSchema":"1a1c01bbd47fc00a2c39e90264f33305004495a9","hash":"b6b5e6269dada8e34659327a43c2aa2c622bf9a9"}
,"/Users/adsalihac/Desktop/RNProjects/todolistjest/src/todolistcard.js": {"path":"/Users/adsalihac/Desktop/RNProjects/todolistjest/src/todolistcard.js","statementMap":{"0":{"start":{"line":21,"column":21},"end":{"line":35,"column":1}},"1":{"start":{"line":24,"column":4},"end":{"line":34,"column":5}},"2":{"start":{"line":39,"column":15},"end":{"line":43,"column":2}}},"fnMap":{"0":{"name":"(anonymous_0)","decl":{"start":{"line":21,"column":21},"end":{"line":21,"column":22}},"loc":{"start":{"line":23,"column":11},"end":{"line":35,"column":1}},"line":23}},"branchMap":{},"s":{"0":3,"1":2,"2":3},"f":{"0":2},"b":{},"_coverageSchema":"1a1c01bbd47fc00a2c39e90264f33305004495a9","hash":"ec90d42589aedb51946d33972d2cfcb787fd47f0"}
}
