{"/Users/adsalihac/Desktop/RNProjects/todolistjest/src/app.js": {"path":"/Users/adsalihac/Desktop/RNProjects/todolistjest/src/app.js","statementMap":{"0":{"start":{"line":28,"column":4},"end":{"line":28,"column":17}},"1":{"start":{"line":29,"column":4},"end":{"line":32,"column":6}},"2":{"start":{"line":37,"column":4},"end":{"line":39,"column":5}},"3":{"start":{"line":37,"column":23},"end":{"line":39,"column":5}},"4":{"start":{"line":38,"column":6},"end":{"line":38,"column":40}},"5":{"start":{"line":41,"column":24},"end":{"line":55,"column":3}},"6":{"start":{"line":43,"column":8},"end":{"line":43,"column":18}},"7":{"start":{"line":45,"column":4},"end":{"line":54,"column":5}},"8":{"start":{"line":46,"column":22},"end":{"line":46,"column":57}},"9":{"start":{"line":47,"column":6},"end":{"line":47,"column":60}},"10":{"start":{"line":48,"column":6},"end":{"line":48,"column":62}},"11":{"start":{"line":50,"column":5},"end":{"line":52,"column":7}},"12":{"start":{"line":63,"column":8},"end":{"line":63,"column":12}},"13":{"start":{"line":66,"column":4},"end":{"line":85,"column":5}}},"fnMap":{"0":{"name":"(anonymous_0)","decl":{"start":{"line":27,"column":2},"end":{"line":27,"column":3}},"loc":{"start":{"line":27,"column":32},"end":{"line":33,"column":3}},"line":27},"1":{"name":"(anonymous_1)","decl":{"start":{"line":37,"column":4},"end":{"line":37,"column":5}},"loc":{"start":{"line":37,"column":23},"end":{"line":39,"column":5}},"line":37},"2":{"name":"(anonymous_2)","decl":{"start":{"line":37,"column":23},"end":{"line":37,"column":24}},"loc":{"start":{"line":37,"column":42},"end":{"line":39,"column":5}},"line":37},"3":{"name":"(anonymous_3)","decl":{"start":{"line":41,"column":24},"end":{"line":41,"column":25}},"loc":{"start":{"line":41,"column":30},"end":{"line":55,"column":3}},"line":41},"4":{"name":"(anonymous_4)","decl":{"start":{"line":57,"column":2},"end":{"line":57,"column":3}},"loc":{"start":{"line":57,"column":17},"end":{"line":86,"column":3}},"line":57}},"branchMap":{"0":{"loc":{"start":{"line":45,"column":4},"end":{"line":54,"column":5}},"type":"if","locations":[{"start":{"line":45,"column":4},"end":{"line":54,"column":5}},{"start":{"line":49,"column":11},"end":{"line":54,"column":5}}],"line":45}},"s":{"0":1,"1":1,"2":1,"3":9,"4":2,"5":1,"6":3,"7":3,"8":1,"9":1,"10":1,"11":2,"12":9,"13":9},"f":{"0":1,"1":9,"2":2,"3":3,"4":9},"b":{"0":[1,2]},"_coverageSchema":"1a1c01bbd47fc00a2c39e90264f33305004495a9","hash":"2ecfb5e24cddc9ca2cacd1c8ef134cd8440cb20c"}
,"/Users/adsalihac/Desktop/RNProjects/todolistjest/src/button.js": {"path":"/Users/adsalihac/Desktop/RNProjects/todolistjest/src/button.js","statementMap":{"0":{"start":{"line":21,"column":15},"end":{"line":30,"column":1}},"1":{"start":{"line":22,"column":4},"end":{"line":29,"column":5}},"2":{"start":{"line":34,"column":15},"end":{"line":41,"column":2}}},"fnMap":{"0":{"name":"(anonymous_0)","decl":{"start":{"line":21,"column":15},"end":{"line":21,"column":16}},"loc":{"start":{"line":21,"column":74},"end":{"line":30,"column":1}},"line":21}},"branchMap":{},"s":{"0":4,"1":6,"2":4},"f":{"0":6},"b":{},"_coverageSchema":"1a1c01bbd47fc00a2c39e90264f33305004495a9","hash":"2c81f32f7969ec356732c11f3a26397aab4729e7"}
,"/Users/adsalihac/Desktop/RNProjects/todolistjest/src/input.js": {"path":"/Users/adsalihac/Desktop/RNProjects/todolistjest/src/input.js","statementMap":{"0":{"start":{"line":20,"column":14},"end":{"line":31,"column":1}},"1":{"start":{"line":23,"column":4},"end":{"line":30,"column":5}},"2":{"start":{"line":35,"column":15},"end":{"line":46,"column":2}}},"fnMap":{"0":{"name":"(anonymous_0)","decl":{"start":{"line":20,"column":14},"end":{"line":20,"column":15}},"loc":{"start":{"line":22,"column":11},"end":{"line":31,"column":1}},"line":22}},"branchMap":{},"s":{"0":2,"1":3,"2":2},"f":{"0":3},"b":{},"_coverageSchema":"1a1c01bbd47fc00a2c39e90264f33305004495a9","hash":"07ed4a17f6ccb32ce37399b45fa54e3228c5c818"}
,"/Users/adsalihac/Desktop/RNProjects/todolistjest/src/todolist.js": {"path":"/Users/adsalihac/Desktop/RNProjects/todolistjest/src/todolist.js","statementMap":{"0":{"start":{"line":19,"column":17},"end":{"line":37,"column":1}},"1":{"start":{"line":23,"column":4},"end":{"line":36,"column":5}},"2":{"start":{"line":31,"column":18},"end":{"line":31,"column":52}},"3":{"start":{"line":33,"column":38},"end":{"line":33,"column":56}}},"fnMap":{"0":{"name":"(anonymous_0)","decl":{"start":{"line":19,"column":17},"end":{"line":19,"column":18}},"loc":{"start":{"line":21,"column":11},"end":{"line":37,"column":1}},"line":21},"1":{"name":"(anonymous_1)","decl":{"start":{"line":30,"column":28},"end":{"line":30,"column":29}},"loc":{"start":{"line":31,"column":18},"end":{"line":31,"column":52}},"line":31},"2":{"name":"(anonymous_2)","decl":{"start":{"line":33,"column":30},"end":{"line":33,"column":31}},"loc":{"start":{"line":33,"column":38},"end":{"line":33,"column":56}},"line":33}},"branchMap":{},"s":{"0":2,"1":7,"2":0,"3":1},"f":{"0":7,"1":0,"2":1},"b":{},"_coverageSchema":"1a1c01bbd47fc00a2c39e90264f33305004495a9","hash":"dcee45c01fe780e74bd1b60f470160add6a0cc35"}
,"/Users/adsalihac/Desktop/RNProjects/todolistjest/src/todolistcard.js": {"path":"/Users/adsalihac/Desktop/RNProjects/todolistjest/src/todolistcard.js","statementMap":{"0":{"start":{"line":21,"column":21},"end":{"line":35,"column":1}},"1":{"start":{"line":24,"column":4},"end":{"line":34,"column":5}},"2":{"start":{"line":39,"column":15},"end":{"line":43,"column":2}}},"fnMap":{"0":{"name":"(anonymous_0)","decl":{"start":{"line":21,"column":21},"end":{"line":21,"column":22}},"loc":{"start":{"line":23,"column":11},"end":{"line":35,"column":1}},"line":23}},"branchMap":{},"s":{"0":3,"1":1,"2":3},"f":{"0":1},"b":{},"_coverageSchema":"1a1c01bbd47fc00a2c39e90264f33305004495a9","hash":"ec90d42589aedb51946d33972d2cfcb787fd47f0"}
}
