TN:
SF:src/app.js
FN:24,(anonymous_0)
FN:37,(anonymous_1)
FN:37,(anonymous_2)
FN:41,(anonymous_3)
FN:55,(anonymous_4)
FN:86,(anonymous_5)
FNF:6
FNH:5
FNDA:1,(anonymous_0)
FNDA:9,(anonymous_1)
FNDA:2,(anonymous_2)
FNDA:3,(anonymous_3)
FNDA:9,(anonymous_4)
FNDA:0,(anonymous_5)
DA:25,1
DA:26,1
DA:37,9
DA:38,2
DA:41,1
DA:42,3
DA:44,3
DA:45,1
DA:46,1
DA:47,1
DA:49,2
DA:60,9
DA:62,9
DA:86,0
LF:14
LH:13
BRDA:44,0,0,1
BRDA:44,0,1,2
BRF:2
BRH:2
end_of_record
TN:
SF:src/button.js
FN:21,(anonymous_0)
FNF:1
FNH:1
FNDA:6,(anonymous_0)
DA:21,4
DA:22,6
DA:34,4
LF:3
LH:3
BRF:0
BRH:0
end_of_record
TN:
SF:src/input.js
FN:20,(anonymous_0)
FNF:1
FNH:1
FNDA:3,(anonymous_0)
DA:20,2
DA:21,3
DA:33,2
LF:3
LH:3
BRF:0
BRH:0
end_of_record
TN:
SF:src/todolist.js
FN:25,(anonymous_0)
FN:26,(anonymous_1)
FN:27,(anonymous_2)
FN:28,(anonymous_3)
FN:35,(anonymous_4)
FN:36,(anonymous_5)
FN:38,(anonymous_6)
FNF:7
FNH:3
FNDA:7,(anonymous_0)
FNDA:0,(anonymous_1)
FNDA:0,(anonymous_2)
FNDA:0,(anonymous_3)
FNDA:1,(anonymous_4)
FNDA:0,(anonymous_5)
FNDA:1,(anonymous_6)
DA:25,2
DA:26,7
DA:27,0
DA:28,0
DA:30,7
DA:36,1
DA:38,1
LF:7
LH:5
BRF:0
BRH:0
end_of_record
TN:
SF:src/todolistcard.js
FN:21,(anonymous_0)
FNF:1
FNH:1
FNDA:1,(anonymous_0)
DA:21,3
DA:24,1
DA:39,3
LF:3
LH:3
BRF:0
BRH:0
end_of_record
