TN:
SF:src/app.js
FN:23,(anonymous_0)
FN:36,(anonymous_1)
FN:36,(anonymous_2)
FN:40,(anonymous_3)
FN:54,(anonymous_4)
FN:85,(anonymous_5)
FNF:6
FNH:6
FNDA:1,(anonymous_0)
FNDA:11,(anonymous_1)
FNDA:2,(anonymous_2)
FNDA:2,(anonymous_3)
FNDA:11,(anonymous_4)
FNDA:1,(anonymous_5)
DA:24,1
DA:25,1
DA:36,11
DA:37,2
DA:40,1
DA:41,2
DA:43,2
DA:44,1
DA:45,1
DA:46,1
DA:48,1
DA:59,11
DA:61,11
DA:85,1
LF:14
LH:14
BRDA:43,0,0,1
BRDA:43,0,1,1
BRF:2
BRH:2
end_of_record
TN:
SF:src/button.js
FN:21,(anonymous_0)
FNF:1
FNH:1
FNDA:6,(anonymous_0)
DA:21,4
DA:22,6
DA:34,4
LF:3
LH:3
BRF:0
BRH:0
end_of_record
TN:
SF:src/input.js
FN:17,(anonymous_0)
FNF:1
FNH:1
FNDA:3,(anonymous_0)
DA:17,2
DA:18,3
DA:30,2
LF:3
LH:3
BRF:0
BRH:0
end_of_record
TN:
SF:src/todolist.js
FN:27,(anonymous_0)
FN:29,(anonymous_1)
FN:30,(anonymous_2)
FN:40,(anonymous_3)
FN:41,(anonymous_4)
FN:43,(anonymous_5)
FNF:6
FNH:2
FNDA:7,(anonymous_0)
FNDA:0,(anonymous_1)
FNDA:0,(anonymous_2)
FNDA:0,(anonymous_3)
FNDA:0,(anonymous_4)
FNDA:1,(anonymous_5)
DA:27,2
DA:29,7
DA:30,0
DA:31,0
DA:35,7
DA:41,0
DA:43,1
LF:7
LH:4
BRDA:31,0,0,0
BRDA:31,0,1,0
BRF:2
BRH:0
end_of_record
TN:
SF:src/todolistcard.js
FN:21,(anonymous_0)
FNF:1
FNH:1
FNDA:2,(anonymous_0)
DA:21,3
DA:24,2
DA:39,3
LF:3
LH:3
BRF:0
BRH:0
end_of_record
